<?xml version="1.0" encoding="utf-8"?><testsuites name="pytest tests"><testsuite name="pytest" errors="0" failures="0" skipped="0" tests="5" time="3.727" timestamp="2026-03-29T07:45:52.728158+00:00" hostname="agent-env-778d5abd-46bf-4785-8edb-1520798053f6"><testcase classname="backend.tests.test_feature_regression_dl_safety" name="test_auth_me_returns_registered_user" time="2.155" /><testcase classname="backend.tests.test_feature_regression_dl_safety" name="test_post_ride_rejects_invalid_driving_licence" time="1.302" /><testcase classname="backend.tests.test_feature_regression_dl_safety" name="test_post_ride_requires_driving_licence_field_not_legacy_boolean" time="0.032" /><testcase classname="backend.tests.test_feature_regression_dl_safety" name="test_driver_preferences_persist_licence_and_vehicle" time="0.096" /><testcase classname="backend.tests.test_feature_regression_dl_safety" name="test_safety_eligibility_locked_without_paid_booked_ride" time="0.033" /></testsuite></testsuites>