<?xml version="1.0" encoding="utf-8"?><testsuites name="pytest tests"><testsuite name="pytest" errors="0" failures="0" skipped="0" tests="5" time="4.334" timestamp="2026-03-29T07:05:26.212567+00:00" hostname="agent-env-778d5abd-46bf-4785-8edb-1520798053f6"><testcase classname="backend.tests.test_feature_regression_inr_safety" name="test_india_city_metadata_endpoint" time="1.524" /><testcase classname="backend.tests.test_feature_regression_inr_safety" name="test_create_ride_requires_licence_confirmation" time="0.951" /><testcase classname="backend.tests.test_feature_regression_inr_safety" name="test_create_ride_requires_vehicle_number" time="0.073" /><testcase classname="backend.tests.test_feature_regression_inr_safety" name="test_create_ride_and_driver_preferences_persist" time="0.071" /><testcase classname="backend.tests.test_feature_regression_inr_safety" name="test_checkout_status_reports_inr_currency" time="1.612" /></testsuite></testsuites>